[    0.000000] Linux version 4.15.0-126-generic (buildd@lcy01-amd64-024) (gcc version 7.5.0 (Ubuntu 7.5.0-3ubuntu1~18.04)) #129-Ubuntu SMP Mon Nov 23 18:53:38 UTC 2020 (Ubuntu 4.15.0-126.129-generic 4.15.18)
[    0.000000] Command line: BOOT_IMAGE=/boot/vmlinuz-4.15.0-126-generic root=LABEL=cloudimg-rootfs ro console=tty1 console=ttyS0
[    0.000000] KERNEL supported cpus:
[    0.000000]   Intel GenuineIntel
[    0.000000]   AMD AuthenticAMD
[    0.000000]   Centaur CentaurHauls
[    0.000000] x86/fpu: x87 FPU will use FXSAVE
[    0.000000] e820: BIOS-provided physical RAM map:
[    0.000000] BIOS-e820: [mem 0x0000000000000000-0x000000000009fbff] usable
[    0.000000] BIOS-e820: [mem 0x000000000009fc00-0x000000000009ffff] reserved
[    0.000000] BIOS-e820: [mem 0x00000000000f0000-0x00000000000fffff] reserved
[    0.000000] BIOS-e820: [mem 0x0000000000100000-0x000000001ffeffff] usable
[    0.000000] BIOS-e820: [mem 0x000000001fff0000-0x000000001fffffff] ACPI data
[    0.000000] BIOS-e820: [mem 0x00000000fec00000-0x00000000fec00fff] reserved
[    0.000000] BIOS-e820: [mem 0x00000000fee00000-0x00000000fee00fff] reserved
[    0.000000] BIOS-e820: [mem 0x00000000fffc0000-0x00000000ffffffff] reserved
[    0.000000] NX (Execute Disable) protection: active
[    0.000000] SMBIOS 2.5 present.
[    0.000000] DMI: innotek GmbH VirtualBox/VirtualBox, BIOS VirtualBox 12/01/2006
[    0.000000] Hypervisor detected: KVM
[    0.000000] e820: last_pfn = 0x1fff0 max_arch_pfn = 0x400000000
[    0.000000] MTRR: Disabled
[    0.000000] x86/PAT: MTRRs disabled, skipping PAT initialization too.
[    0.000000] CPU MTRRs all blank - virtualized system.
[    0.000000] x86/PAT: Configuration [0-7]: WB  WT  UC- UC  WB  WT  UC- UC  
[    0.000000] found SMP MP-table at [mem 0x0009fff0-0x0009ffff]
[    0.000000] Scanning 1 areas for low memory corruption
[    0.000000] RAMDISK: [mem 0x1db7b000-0x1ee3ffff]
[    0.000000] ACPI: Early table checksum verification disabled
[    0.000000] ACPI: RSDP 0x00000000000E0000 000024 (v02 VBOX  )
[    0.000000] ACPI: XSDT 0x000000001FFF0030 00003C (v01 VBOX   VBOXXSDT 00000001 ASL  00000061)
[    0.000000] ACPI: FACP 0x000000001FFF00F0 0000F4 (v04 VBOX   VBOXFACP 00000001 ASL  00000061)
[    0.000000] ACPI: DSDT 0x000000001FFF0470 002325 (v02 VBOX   VBOXBIOS 00000002 INTL 20100528)
[    0.000000] ACPI: FACS 0x000000001FFF0200 000040
[    0.000000] ACPI: FACS 0x000000001FFF0200 000040
[    0.000000] ACPI: APIC 0x000000001FFF0240 000054 (v02 VBOX   VBOXAPIC 00000001 ASL  00000061)
[    0.000000] ACPI: SSDT 0x000000001FFF02A0 0001CC (v01 VBOX   VBOXCPUT 00000002 INTL 20100528)
[    0.000000] No NUMA configuration found
[    0.000000] Faking a node at [mem 0x0000000000000000-0x000000001ffeffff]
[    0.000000] NODE_DATA(0) allocated [mem 0x1ffc5000-0x1ffeffff]
[    0.000000] kvm-clock: cpu 0, msr 0:1ff44001, primary cpu clock
[    0.000000] kvm-clock: Using msrs 4b564d01 and 4b564d00
[    0.000000] kvm-clock: using sched offset of 11977754919 cycles
[    0.000000] clocksource: kvm-clock: mask: 0xffffffffffffffff max_cycles: 0x1cd42e4dffb, max_idle_ns: 881590591483 ns
[    0.000000] Zone ranges:
[    0.000000]   DMA      [mem 0x0000000000001000-0x0000000000ffffff]
[    0.000000]   DMA32    [mem 0x0000000001000000-0x000000001ffeffff]
[    0.000000]   Normal   empty
[    0.000000]   Device   empty
[    0.000000] Movable zone start for each node
[    0.000000] Early memory node ranges
[    0.000000]   node   0: [mem 0x0000000000001000-0x000000000009efff]
[    0.000000]   node   0: [mem 0x0000000000100000-0x000000001ffeffff]
[    0.000000] Reserved but unavailable: 98 pages
[    0.000000] Initmem setup node 0 [mem 0x0000000000001000-0x000000001ffeffff]
[    0.000000] ACPI: PM-Timer IO Port: 0x4008
[    0.000000] IOAPIC[0]: apic_id 1, version 32, address 0xfec00000, GSI 0-23
[    0.000000] ACPI: INT_SRC_OVR (bus 0 bus_irq 0 global_irq 2 dfl dfl)
[    0.000000] ACPI: INT_SRC_OVR (bus 0 bus_irq 9 global_irq 9 low level)
[    0.000000] Using ACPI (MADT) for SMP configuration information
[    0.000000] smpboot: Allowing 1 CPUs, 0 hotplug CPUs
[    0.000000] PM: Registered nosave memory: [mem 0x00000000-0x00000fff]
[    0.000000] PM: Registered nosave memory: [mem 0x0009f000-0x0009ffff]
[    0.000000] PM: Registered nosave memory: [mem 0x000a0000-0x000effff]
[    0.000000] PM: Registered nosave memory: [mem 0x000f0000-0x000fffff]
[    0.000000] e820: [mem 0x20000000-0xfebfffff] available for PCI devices
[    0.000000] Booting paravirtualized kernel on KVM
[    0.000000] clocksource: refined-jiffies: mask: 0xffffffff max_cycles: 0xffffffff, max_idle_ns: 7645519600211568 ns
[    0.000000] random: get_random_bytes called from start_kernel+0x99/0x500 with crng_init=0
[    0.000000] setup_percpu: NR_CPUS:8192 nr_cpumask_bits:1 nr_cpu_ids:1 nr_node_ids:1
[    0.000000] percpu: Embedded 45 pages/cpu s147456 r8192 d28672 u2097152
[    0.000000] PV qspinlock hash table entries: 256 (order: 0, 4096 bytes)
[    0.000000] Built 1 zonelists, mobility grouping on.  Total pages: 128889
[    0.000000] Policy zone: DMA32
[    0.000000] Kernel command line: BOOT_IMAGE=/boot/vmlinuz-4.15.0-126-generic root=LABEL=cloudimg-rootfs ro console=tty1 console=ttyS0
[    0.000000] Memory: 467100K/523832K available (12300K kernel code, 2492K rwdata, 4264K rodata, 2440K init, 2724K bss, 56732K reserved, 0K cma-reserved)
[    0.000000] SLUB: HWalign=64, Order=0-3, MinObjects=0, CPUs=1, Nodes=1
[    0.000000] Kernel/User page tables isolation: enabled
[    0.000000] ftrace: allocating 39407 entries in 154 pages
[    0.004000] Hierarchical RCU implementation.
[    0.004000] 	RCU restricting CPUs from NR_CPUS=8192 to nr_cpu_ids=1.
[    0.004000] 	Tasks RCU enabled.
[    0.004000] RCU: Adjusting geometry for rcu_fanout_leaf=16, nr_cpu_ids=1
[    0.004000] NR_IRQS: 524544, nr_irqs: 256, preallocated irqs: 16
[    0.004000] Console: colour VGA+ 80x25
[    0.004000] console [tty1] enabled
[    0.004000] console [ttyS0] enabled
[    0.004000] ACPI: Core revision 20170831
[    0.004000] ACPI: 2 ACPI AML tables successfully acquired and loaded
[    0.004000] APIC: Switch to symmetric I/O mode setup
[    0.008000] ..TIMER: vector=0x30 apic1=0 pin1=2 apic2=-1 pin2=-1
[    0.008005] tsc: Detected 2304.006 MHz processor
[    0.012010] Calibrating delay loop (skipped) preset value.. 4608.01 BogoMIPS (lpj=9216024)
[    0.016004] pid_max: default: 32768 minimum: 301
[    0.020047] Security Framework initialized
[    0.024004] Yama: becoming mindful.
[    0.028022] AppArmor: AppArmor initialized
[    0.032087] Dentry cache hash table entries: 65536 (order: 7, 524288 bytes)
[    0.036035] Inode-cache hash table entries: 32768 (order: 6, 262144 bytes)
[    0.040016] Mount-cache hash table entries: 1024 (order: 1, 8192 bytes)
[    0.044005] Mountpoint-cache hash table entries: 1024 (order: 1, 8192 bytes)
[    0.049051] Last level iTLB entries: 4KB 64, 2MB 8, 4MB 8
[    0.052002] Last level dTLB entries: 4KB 64, 2MB 0, 4MB 0, 1GB 4
[    0.056003] Spectre V1 : Mitigation: usercopy/swapgs barriers and __user pointer sanitization
[    0.060005] Spectre V2 : Mitigation: Full generic retpoline
[    0.064002] Spectre V2 : Spectre v2 / SpectreRSB mitigation: Filling RSB on context switch
[    0.068002] Speculative Store Bypass: Vulnerable
[    0.072038] MDS: Mitigation: Clear CPU buffers
[    0.084000] Freeing SMP alternatives memory: 36K
[    0.196427] smpboot: CPU0: Intel(R) Core(TM) i5-8300H CPU @ 2.30GHz (family: 0x6, model: 0x9e, stepping: 0xa)
[    0.200070] Performance Events: unsupported p6 CPU model 158 no PMU driver, software events only.
[    0.204034] Hierarchical SRCU implementation.
[    0.208461] NMI watchdog: Perf event create on CPU 0 failed with -2
[    0.212002] NMI watchdog: Perf NMI watchdog permanently disabled
[    0.216050] smp: Bringing up secondary CPUs ...
[    0.220004] smp: Brought up 1 node, 1 CPU
[    0.224002] smpboot: Max logical packages: 1
[    0.228003] smpboot: Total of 1 processors activated (4608.01 BogoMIPS)
[    0.232107] devtmpfs: initialized
[    0.236129] x86/mm: Memory block size: 128MB
[    0.240100] evm: security.selinux
[    0.244004] evm: security.SMACK64
[    0.248002] evm: security.SMACK64EXEC
[    0.251532] evm: security.SMACK64TRANSMUTE
[    0.252003] evm: security.SMACK64MMAP
[    0.256002] evm: security.apparmor
[    0.260002] evm: security.ima
[    0.264002] evm: security.capability
[    0.266507] clocksource: jiffies: mask: 0xffffffff max_cycles: 0xffffffff, max_idle_ns: 7645041785100000 ns
[    0.268010] futex hash table entries: 256 (order: 2, 16384 bytes)
[    0.272048] pinctrl core: initialized pinctrl subsystem
[    0.276196] RTC time: 19:11:13, date: 12/10/20
[    0.279222] NET: Registered protocol family 16
[    0.280068] audit: initializing netlink subsys (disabled)
[    0.284122] cpuidle: using governor ladder
[    0.288005] audit: type=2000 audit(1607627486.809:1): state=initialized audit_enabled=0 res=1
[    0.292010] cpuidle: using governor menu
[    0.296051] ACPI: bus type PCI registered
[    0.300003] acpiphp: ACPI Hot Plug PCI Controller Driver version: 0.5
[    0.304235] PCI: Using configuration type 1 for base access
[    0.309093] HugeTLB registered 2.00 MiB page size, pre-allocated 0 pages
[    0.312146] ACPI: Added _OSI(Module Device)
[    0.316004] ACPI: Added _OSI(Processor Device)
[    0.318947] ACPI: Added _OSI(3.0 _SCP Extensions)
[    0.320004] ACPI: Added _OSI(Processor Aggregator Device)
[    0.324015] ACPI: Added _OSI(Linux-Dell-Video)
[    0.328019] ACPI: Added _OSI(Linux-Lenovo-NV-HDMI-Audio)
[    0.332003] ACPI: Added _OSI(Linux-HPI-Hybrid-Graphics)
[    0.336643] ACPI: Executed 1 blocks of module-level executable AML code
[    0.343202] ACPI: Interpreter enabled
[    0.344013] ACPI: (supports S0 S5)
[    0.348003] ACPI: Using IOAPIC for interrupt routing
[    0.352329] PCI: Using host bridge windows from ACPI; if necessary, use "pci=nocrs" and report a bug
[    0.356184] ACPI: Enabled 2 GPEs in block 00 to 07
[    0.368059] ACPI: PCI Root Bridge [PCI0] (domain 0000 [bus 00-ff])
[    0.372006] acpi PNP0A03:00: _OSC: OS supports [ASPM ClockPM Segments MSI]
[    0.376633] acpi PNP0A03:00: _OSC: not requesting OS control; OS requires [ExtendedConfig ASPM ClockPM MSI]
[    0.380014] acpi PNP0A03:00: fail to add MMCONFIG information, can't access extended PCI configuration space under this bridge.
[    0.384498] PCI host bridge to bus 0000:00
[    0.388004] pci_bus 0000:00: root bus resource [io  0x0000-0x0cf7 window]
[    0.392003] pci_bus 0000:00: root bus resource [io  0x0d00-0xffff window]
[    0.396007] pci_bus 0000:00: root bus resource [mem 0x000a0000-0x000bffff window]
[    0.400010] pci_bus 0000:00: root bus resource [mem 0x20000000-0xfdffffff window]
[    0.404010] pci_bus 0000:00: root bus resource [bus 00-ff]
[    0.415083] pci 0000:00:01.1: legacy IDE quirk: reg 0x10: [io  0x01f0-0x01f7]
[    0.416005] pci 0000:00:01.1: legacy IDE quirk: reg 0x14: [io  0x03f6]
[    0.420004] pci 0000:00:01.1: legacy IDE quirk: reg 0x18: [io  0x0170-0x0177]
[    0.424005] pci 0000:00:01.1: legacy IDE quirk: reg 0x1c: [io  0x0376]
[    0.496401] pci 0000:00:07.0: quirk: [io  0x4000-0x403f] claimed by PIIX4 ACPI
[    0.500039] pci 0000:00:07.0: quirk: [io  0x4100-0x410f] claimed by PIIX4 SMB
[    0.514192] ACPI: PCI Interrupt Link [LNKA] (IRQs 5 9 10 *11)
[    0.516503] ACPI: PCI Interrupt Link [LNKB] (IRQs 5 9 *10 11)
[    0.520177] ACPI: PCI Interrupt Link [LNKC] (IRQs 5 *9 10 11)
[    0.524162] ACPI: PCI Interrupt Link [LNKD] (IRQs 5 9 10 *11)
[    0.528383] SCSI subsystem initialized
[    0.532120] pci 0000:00:02.0: vgaarb: setting as boot VGA device
[    0.536000] pci 0000:00:02.0: vgaarb: VGA device added: decodes=io+mem,owns=io+mem,locks=none
[    0.536007] pci 0000:00:02.0: vgaarb: bridge control possible
[    0.540003] vgaarb: loaded
[    0.544036] ACPI: bus type USB registered
[    0.548025] usbcore: registered new interface driver usbfs
[    0.552012] usbcore: registered new interface driver hub
[    0.556021] usbcore: registered new device driver usb
[    0.560069] EDAC MC: Ver: 3.0.0
[    0.564434] PCI: Using ACPI for IRQ routing
[    0.568425] NetLabel: Initializing
[    0.572002] NetLabel:  domain hash size = 128
[    0.576003] NetLabel:  protocols = UNLABELED CIPSOv4 CALIPSO
[    0.580025] NetLabel:  unlabeled traffic allowed by default
[    0.584126] clocksource: Switched to clocksource kvm-clock
[    0.643831] VFS: Disk quotas dquot_6.6.0
[    0.647367] VFS: Dquot-cache hash table entries: 512 (order 0, 4096 bytes)
[    0.653996] AppArmor: AppArmor Filesystem Enabled
[    0.657246] pnp: PnP ACPI init
[    0.661133] pnp: PnP ACPI: found 3 devices
[    0.672854] clocksource: acpi_pm: mask: 0xffffff max_cycles: 0xffffff, max_idle_ns: 2085701024 ns
[    0.679464] NET: Registered protocol family 2
[    0.683606] TCP established hash table entries: 4096 (order: 3, 32768 bytes)
[    0.689582] TCP bind hash table entries: 4096 (order: 4, 65536 bytes)
[    0.694313] TCP: Hash tables configured (established 4096 bind 4096)
[    0.699048] UDP hash table entries: 256 (order: 1, 8192 bytes)
[    0.703474] UDP-Lite hash table entries: 256 (order: 1, 8192 bytes)
[    0.708512] NET: Registered protocol family 1
[    0.711450] pci 0000:00:00.0: Limiting direct PCI/PCI transfers
[    0.716130] pci 0000:00:01.0: Activating ISA DMA hang workarounds
[    0.720400] pci 0000:00:02.0: Video device with shadowed ROM at [mem 0x000c0000-0x000dffff]
[    0.726093] Unpacking initramfs...
[    1.295099] Freeing initrd memory: 19220K
[    1.299566] clocksource: tsc: mask: 0xffffffffffffffff max_cycles: 0x2135fd711f6, max_idle_ns: 440795262176 ns
[    1.308235] platform rtc_cmos: registered platform RTC device (no PNP device found)
[    1.313625] Scanning for low memory corruption every 60 seconds
[    1.319714] Initialise system trusted keyrings
[    1.323848] Key type blacklist registered
[    1.327422] workingset: timestamp_bits=36 max_order=17 bucket_order=0
[    1.336847] zbud: loaded
[    1.340391] squashfs: version 4.0 (2009/01/31) Phillip Lougher
[    1.344683] fuse init (API version 7.26)
[    1.350168] Key type asymmetric registered
[    1.354471] Asymmetric key parser 'x509' registered
[    1.358637] Block layer SCSI generic (bsg) driver version 0.4 loaded (major 246)
[    1.364382] io scheduler noop registered
[    1.367278] io scheduler deadline registered
[    1.371159] io scheduler cfq registered (default)
[    1.375079] ACPI: AC Adapter [AC] (on-line)
[    1.378291] input: Power Button as /devices/LNXSYSTM:00/LNXPWRBN:00/input/input0
[    1.385998] ACPI: Power Button [PWRF]
[    1.388804] input: Sleep Button as /devices/LNXSYSTM:00/LNXSLPBN:00/input/input1
[    1.394090] ACPI: Sleep Button [SLPF]
[    1.398332] ACPI: Battery Slot [BAT0] (battery present)
[    1.404376] Serial: 8250/16550 driver, 32 ports, IRQ sharing enabled
[    1.437167] 00:02: ttyS0 at I/O 0x3f8 (irq = 4, base_baud = 115200) is a 16550A
[    1.451079] Linux agpgart interface v0.103
[    1.462244] loop: module loaded
[    1.467692] scsi host0: ata_piix
[    1.471456] scsi host1: ata_piix
[    1.474979] ata1: PATA max UDMA/33 cmd 0x1f0 ctl 0x3f6 bmdma 0xd000 irq 14
[    1.481877] ata2: PATA max UDMA/33 cmd 0x170 ctl 0x376 bmdma 0xd008 irq 15
[    1.489283] libphy: Fixed MDIO Bus: probed
[    1.492815] tun: Universal TUN/TAP device driver, 1.6
[    1.497761] PPP generic driver version 2.4.2
[    1.502326] ehci_hcd: USB 2.0 'Enhanced' Host Controller (EHCI) Driver
[    1.508499] ehci-pci: EHCI PCI platform driver
[    1.513424] ehci-platform: EHCI generic platform driver
[    1.517565] ohci_hcd: USB 1.1 'Open' Host Controller (OHCI) Driver
[    1.522058] ohci-pci: OHCI PCI platform driver
[    1.525605] ohci-platform: OHCI generic platform driver
[    1.529800] uhci_hcd: USB Universal Host Controller Interface driver
[    1.535692] i8042: PNP: PS/2 Controller [PNP0303:PS2K,PNP0f03:PS2M] at 0x60,0x64 irq 1,12
[    1.545836] serio: i8042 KBD port at 0x60,0x64 irq 1
[    1.550844] serio: i8042 AUX port at 0x60,0x64 irq 12
[    1.555364] mousedev: PS/2 mouse device common for all mice
[    1.561635] input: AT Translated Set 2 keyboard as /devices/platform/i8042/serio0/input/input2
[    1.575004] rtc_cmos rtc_cmos: rtc core: registered rtc_cmos as rtc0
[    1.582413] rtc_cmos rtc_cmos: alarms up to one day, 114 bytes nvram
[    1.589505] i2c /dev entries driver
[    1.592774] device-mapper: uevent: version 1.0.3
[    1.597141] device-mapper: ioctl: 4.37.0-ioctl (2017-09-20) initialised: dm-devel@redhat.com
[    1.604036] ledtrig-cpu: registered to indicate activity on CPUs
[    1.611219] NET: Registered protocol family 10
[    1.620943] Segment Routing with IPv6
[    1.624430] NET: Registered protocol family 17
[    1.627959] Key type dns_resolver registered
[    1.631936] mce: Using 0 MCE banks
[    1.635163] RAS: Correctable Errors collector initialized.
[    1.639372] sched_clock: Marking stable (1639321117, 0)->(2411280456, -771959339)
[    1.646161] registered taskstats version 1
[    1.731503] Loading compiled-in X.509 certificates
[    1.738209] Loaded X.509 cert 'Build time autogenerated kernel key: 24b6ce7d986f3307b9608c2edd0b61d009859433'
[    1.745489] zswap: loaded using pool lzo/zbud
[    1.751510] Key type big_key registered
[    1.754784] Key type trusted registered
[    1.759273] Key type encrypted registered
[    1.763249] AppArmor: AppArmor sha1 policy hashing enabled
[    1.767670] ima: No TPM chip found, activating TPM-bypass! (rc=-19)
[    1.772839] ima: Allocated hash algorithm: sha1
[    1.775880] evm: HMAC attrs: 0x1
[    1.779251]   Magic number: 0:421:192
[    1.782335] rtc_cmos rtc_cmos: setting system clock to 2020-12-10 19:11:15 UTC (1607627475)
[    1.788235] BIOS EDD facility v0.16 2004-Jun-25, 0 devices found
[    1.792289] EDD information not available.
[    1.798230] Freeing unused kernel image memory: 2440K
[    1.808313] Write protecting the kernel read-only data: 20480k
[    1.812964] Freeing unused kernel image memory: 2008K
[    1.817195] Freeing unused kernel image memory: 1880K
[    1.826437] x86/mm: Checked W+X mappings: passed, no W+X pages found.
[    1.832494] x86/mm: Checking user space page tables
[    1.840901] x86/mm: Checked W+X mappings: passed, no W+X pages found.
Loading, please wait...
starting version 237
[    1.960755] e1000: Intel(R) PRO/1000 Network Driver - version 7.3.21-k8-NAPI
[    1.967117] e1000: Copyright (c) 1999-2006 Intel Corporation.
[    1.994585] Fusion MPT base driver 3.04.20
[    1.998565] Copyright (c) 1999-2008 LSI Corporation
[    2.043851] Fusion MPT SPI Host driver 3.04.20
[    2.258130] input: ImExPS/2 Generic Explorer Mouse as /devices/platform/i8042/serio1/input/input4
[    2.714469] e1000 0000:00:03.0 eth0: (PCI:33MHz:32-bit) 02:2b:40:e2:86:51
[    2.721229] e1000 0000:00:03.0 eth0: Intel(R) PRO/1000 Network Connection
[    2.728805] e1000 0000:00:03.0 enp0s3: renamed from eth0
[    2.734829] mptbase: ioc0: Initiating bringup
[    2.838409] ioc0: LSI53C1030 A0: Capabilities={Initiator}
[    3.093990] scsi host2: ioc0: LSI53C1030 A0, FwRev=00000000h, Ports=1, MaxQ=256, IRQ=20
[    3.273027] scsi 2:0:0:0: Direct-Access     VBOX     HARDDISK         1.0  PQ: 0 ANSI: 5
[    3.279932] scsi target2:0:0: Beginning Domain Validation
[    3.288251] random: fast init done
[    3.296452] scsi target2:0:0: Domain Validation skipping write tests
[    3.301922] scsi target2:0:0: Ending Domain Validation
[    3.306417] scsi target2:0:0: asynchronous
[    3.311346] scsi 2:0:1:0: Direct-Access     VBOX     HARDDISK         1.0  PQ: 0 ANSI: 5
[    3.320524] scsi target2:0:1: Beginning Domain Validation
[    3.332739] scsi target2:0:1: Domain Validation skipping write tests
[    3.337543] scsi target2:0:1: Ending Domain Validation
[    3.341646] scsi target2:0:1: asynchronous
[    3.358777] random: systemd-udevd: uninitialized urandom read (16 bytes read)
[    3.367515] sd 2:0:0:0: [sda] 20971520 512-byte logical blocks: (10.7 GB/10.0 GiB)
[    3.374241] sd 2:0:0:0: Attached scsi generic sg0 type 0
[    3.379679] random: systemd-udevd: uninitialized urandom read (16 bytes read)
[    3.387041] sd 2:0:0:0: [sda] Write Protect is off
[    3.391619] sd 2:0:1:0: Attached scsi generic sg1 type 0
[    3.397880] sd 2:0:0:0: [sda] Incomplete mode parameter data
[    3.403569] sd 2:0:0:0: [sda] Assuming drive cache: write through
[    3.409010] random: systemd-udevd: uninitialized urandom read (16 bytes read)
[    3.416995] sd 2:0:1:0: [sdb] 20480 512-byte logical blocks: (10.5 MB/10.0 MiB)
[    3.423188] sd 2:0:1:0: [sdb] Write Protect is off
[    3.429602] sd 2:0:1:0: [sdb] Incomplete mode parameter data
[    3.436366] sd 2:0:1:0: [sdb] Assuming drive cache: write through
[    3.445142]  sda: sda1
[    3.451064] sd 2:0:0:0: [sda] Attached SCSI disk
[    3.458538] sd 2:0:1:0: [sdb] Attached SCSI disk
Begin: Loading essential drivers ... [    5.713387] raid6: sse2x1   gen() 12143 MB/s
[    5.768277] raid6: sse2x1   xor()  9061 MB/s
[    5.820635] raid6: sse2x2   gen() 14590 MB/s
[    5.876059] raid6: sse2x2   xor() 10486 MB/s
[    5.928268] raid6: sse2x4   gen() 17274 MB/s
[    5.992448] raid6: sse2x4   xor() 13147 MB/s
[    5.997026] raid6: using algorithm sse2x4 gen() 17274 MB/s
[    6.001207] raid6: .... xor() 13147 MB/s, rmw enabled
[    6.004758] raid6: using ssse3x2 recovery algorithm
[    6.009979] xor: measuring software checksum speed
[    6.121863]    prefetch64-sse: 49498.000 MB/sec
[    6.228809]    generic_sse: 47461.000 MB/sec
[    6.233100] xor: using function: prefetch64-sse (49498.000 MB/sec)
[    6.239135] async_tx: api initialized (async)
done.
Begin: Running /scripts/init-premount ... done.
Begin: Mounting root file system ... Begin: Running /scripts/local-top ... done.
Begin: Running /scripts/local-premount ... [    6.302022] Btrfs loaded, crc32c=crc32c-intel
Scanning for Btrfs filesystems
done.
Warning: fsck not present, so skipping root file system
[    6.405824] EXT4-fs (sda1): mounted filesystem with ordered data mode. Opts: (null)
done.
Begin: Running /scripts/local-bottom ... done.
Begin: Running /scripts/init-bottom ... done.
[    8.314348] random: crng init done
[    8.317120] random: 7 urandom warning(s) missed due to ratelimiting
[   10.057977] ip_tables: (C) 2000-2006 Netfilter Core Team
[   10.354704] systemd[1]: systemd 237 running in system mode. (+PAM +AUDIT +SELINUX +IMA +APPARMOR +SMACK +SYSVINIT +UTMP +LIBCRYPTSETUP +GCRYPT +GNUTLS +ACL +XZ +LZ4 +SECCOMP +BLKID +ELFUTILS +KMOD -IDN2 +IDN -PCRE2 default-hierarchy=hybrid)
[   10.376271] systemd[1]: Detected virtualization oracle.
[   10.380472] systemd[1]: Detected architecture x86-64.

Welcome to [1mUbuntu 18.04.5 LTS[0m!

[   10.417516] systemd[1]: Set hostname to <ubuntu>.
[   10.639604] systemd[1]: Initializing machine ID from random generator.
[   10.645794] systemd[1]: Installed transient /etc/machine-id file.
[   13.948564] systemd[1]: Set up automount Arbitrary Executable File Formats File System Automount Point.
[[0;32m  OK  [0m] Set up automount Arbitrary Executab…rmats File System Automount Point.
[   13.959355] systemd[1]: Created slice User and Session Slice.
[[0;32m  OK  [0m] Created slice User and Session Slice.
[   13.967159] systemd[1]: Reached target System Time Synchronized.
[[0;32m  OK  [0m] Reached target System Time Synchronized.
[   13.974915] systemd[1]: Reached target User and Group Name Lookups.
[[0;32m  OK  [0m] Reached target User and Group Name Lookups.
[[0;32m  OK  [0m] Created slice System Slice.
[[0;32m  OK  [0m] Reached target Slices.
[[0;32m  OK  [0m] Listening on Network Service Netlink Socket.
[[0;32m  OK  [0m] Listening on Journal Audit Socket.
[[0;32m  OK  [0m] Listening on udev Kernel Socket.
[[0;32m  OK  [0m] Listening on Journal Socket (/dev/log).
[[0;32m  OK  [0m] Listening on /dev/initctl Compatibility Named Pipe.
[[0;32m  OK  [0m] Listening on LVM2 metadata daemon socket.
[[0;32m  OK  [0m] Listening on Device-mapper event daemon FIFOs.
[[0;32m  OK  [0m] Listening on Journal Socket.
         Mounting POSIX Message Queue File System...
         Starting Create list of required st…ce nodes for the current kernel...
         Mounting Kernel Debug File System...
         Starting Monitoring of LVM2 mirrors…ng dmeventd or progress polling...
         Starting Remount Root and Kernel File Systems...
         Mounting Huge Pages File System...
[[0;32m  OK  [0m] Listening on LVM2 poll daemon socket.
         Starting Load Kernel Modules...
[   14.345478] EXT4-fs (sda1): re-mounted. Opts: (null)
[[0;32m  OK  [0m] Listening on udev Control Socket.
[[0;32m  OK  [0m] Created slice system-serial\x2dgetty.slice.
[[0;32m  OK  [0m] Listening on Syslog Socket.
         Starting Journal Service...
         Starting Set the console keyboard layout...
         Starting Uncomplicated firewall...
[[0;32m  OK  [0m] Started Forward Password Requests to Wall Directory Watch.
         Starting udev Coldplug all Devices...
[[0;32m  OK  [0m] Reached target Swap.
[[0;32m  OK  [0m] Mounted POSIX Message Queue File System.
[[0;32m  OK  [0m] Started Create list of required sta…vice nodes for the current kernel.
[[0;32m  OK  [0m] Mounted Kernel Debug File System.
[[0;32m  OK  [0m] Started Remount Root and Kernel File Systems.
[[0;32m  OK  [0m] Mounted Huge Pages File System.
         Starting Load/Save Random Seed...
[   14.535909] Loading iSCSI transport class v2.0-870.
[   14.570175] iscsi: registered transport (tcp)
         Starting Create Static Device Nodes in /dev...
[[0;32m  OK  [0m] Started Journal Service.
[[0;32m  OK  [0m] Started Uncomplicated firewall.
         Starting Flush Journal to Persistent Storage...
[[0;32m  OK  [0m] Started udev Coldplug all Devices.
[[0;32m  OK  [0m] Started Load/Save Random Seed.
[   15.286127] systemd-journald[391]: Received request to flush runtime journal from PID 1
[   16.102294] iscsi: registered transport (iser)
[[0;32m  OK  [0m] Started Load Kernel Modules.
         Mounting Kernel Configuration File System...
         Mounting FUSE Control File System...
         Starting Apply Kernel Variables...
[[0;32m  OK  [0m] Mounted Kernel Configuration File System.
[[0;32m  OK  [0m] Mounted FUSE Control File System.
[[0;32m  OK  [0m] Started Flush Journal to Persistent Storage.
[[0;32m  OK  [0m] Started Create Static Device Nodes in /dev.
         Starting udev Kernel Device Manager...
[[0;32m  OK  [0m] Started Set the console keyboard layout.
[[0;32m  OK  [0m] Started LVM2 metadata daemon.
[[0;32m  OK  [0m] Started Apply Kernel Variables.
[[0;32m  OK  [0m] Started Monitoring of LVM2 mirrors,…sing dmeventd or progress polling.
[[0;32m  OK  [0m] Reached target Local File Systems (Pre).
[[0;32m  OK  [0m] Reached target Local File Systems.
         Starting Set console font and keymap...
         Starting ebtables ruleset management...
         Starting AppArmor initialization...
         Starting Create Volatile Files and Directories...
         Starting Tell Plymouth To Write Out Runtime Data...
         Starting Commit a transient machine-id on disk...
[[0;32m  OK  [0m] Started Set console font and keymap.
[[0;32m  OK  [0m] Started udev Kernel Device Manager.
[[0;32m  OK  [0m] Started Dispatch Password Requests to Console Directory Watch.
[[0;32m  OK  [0m] Reached target Local Encrypted Volumes.
[[0;32m  OK  [0m] Started Create Volatile Files and Directories.
         Starting Update UTMP about System Boot/Shutdown...
[[0;32m  OK  [0m] Started Tell Plymouth To Write Out Runtime Data.
[[0;32m  OK  [0m] Started Commit a transient machine-id on disk.
[[0;32m  OK  [0m] Started Update UTMP about System Boot/Shutdown.
[[0;32m  OK  [0m] Found device /dev/ttyS0.
[[0;32m  OK  [0m] Started ebtables ruleset management.
[[0;32m  OK  [0m] Listening on Load/Save RF Kill Switch Status /dev/rfkill Watch.
[[0;32m  OK  [0m] Started AppArmor initialization.
         Starting Load AppArmor profiles managed internally by snapd...
         Starting Initial cloud-init job (pre-networking)...
[[0;32m  OK  [0m] Started Load AppArmor profiles managed internally by snapd.
[   35.691259] cloud-init[516]: Cloud-init v. 20.3-2-g371b392c-0ubuntu1~18.04.1 running 'init-local' at Thu, 10 Dec 2020 19:11:48 +0000. Up 34.48 seconds.
[[0;32m  OK  [0m] Started Initial cloud-init job (pre-networking).
[[0;32m  OK  [0m] Reached target Network (Pre).
         Starting Network Service...
[[0;32m  OK  [0m] Started Network Service.
         Starting Network Name Resolution...
         Starting Wait for Network to be Configured...
[[0;32m  OK  [0m] Started Network Name Resolution.
[[0;32m  OK  [0m] Reached target Network.
[[0;32m  OK  [0m] Reached target Host and Network Name Lookups.
[[0;32m  OK  [0m] Started Wait for Network to be Configured.
         Starting Initial cloud-init job (metadata service crawler)...
[   38.347294] cloud-init[660]: Cloud-init v. 20.3-2-g371b392c-0ubuntu1~18.04.1 running 'init' at Thu, 10 Dec 2020 19:11:51 +0000. Up 38.18 seconds.
[   38.358489] cloud-init[660]: ci-info: ++++++++++++++++++++++++++++++++++++++Net device info++++++++++++++++++++++++++++++++++++++
[   38.365123] cloud-init[660]: ci-info: +--------+------+----------------------------+---------------+--------+-------------------+
[   38.370858] cloud-init[660]: ci-info: | Device |  Up  |          Address           |      Mask     | Scope  |     Hw-Address    |
[   38.377010] cloud-init[660]: ci-info: +--------+------+----------------------------+---------------+--------+-------------------+
[   38.382991] cloud-init[660]: ci-info: | enp0s3 | True |         10.0.2.15          | 255.255.255.0 | global | 02:2b:40:e2:86:51 |
[   38.389793] cloud-init[660]: ci-info: | enp0s3 | True | fe80::2b:40ff:fee2:8651/64 |       .       |  link  | 02:2b:40:e2:86:51 |
[   38.396658] cloud-init[660]: ci-info: |   lo   | True |         127.0.0.1          |   255.0.0.0   |  host  |         .         |
[   38.402737] cloud-init[660]: ci-info: |   lo   | True |          ::1/128           |       .       |  host  |         .         |
[   38.409317] cloud-init[660]: ci-info: +--------+------+----------------------------+---------------+--------+-------------------+
[   38.415135] cloud-init[660]: ci-info: ++++++++++++++++++++++++++++Route IPv4 info+++++++++++++++++++++++++++++
[   38.420617] cloud-init[660]: ci-info: +-------+-------------+----------+-----------------+-----------+-------+
[   38.425869] cloud-init[660]: ci-info: | Route | Destination | Gateway  |     Genmask     | Interface | Flags |
[   38.431011] cloud-init[660]: ci-info: +-------+-------------+----------+-----------------+-----------+-------+
[   38.439402] cloud-init[660]: ci-info: |   0   |   0.0.0.0   | 10.0.2.2 |     0.0.0.0     |   enp0s3  |   UG  |
[   38.447957] cloud-init[660]: ci-info: |   1   |   10.0.2.0  | 0.0.0.0  |  255.255.255.0  |   enp0s3  |   U   |
[   38.454592] cloud-init[660]: ci-info: |   2   |   10.0.2.2  | 0.0.0.0  | 255.255.255.255 |   enp0s3  |   UH  |
[   38.459968] cloud-init[660]: ci-info: +-------+-------------+----------+-----------------+-----------+-------+
[   38.465436] cloud-init[660]: ci-info: +++++++++++++++++++Route IPv6 info+++++++++++++++++++
[   38.470215] cloud-init[660]: ci-info: +-------+-------------+---------+-----------+-------+
[   38.475910] cloud-init[660]: ci-info: | Route | Destination | Gateway | Interface | Flags |
[   38.484472] cloud-init[660]: ci-info: +-------+-------------+---------+-----------+-------+
[   38.489369] cloud-init[660]: ci-info: |   1   |  fe80::/64  |    ::   |   enp0s3  |   U   |
[   38.494264] cloud-init[660]: ci-info: |   3   |    local    |    ::   |   enp0s3  |   U   |
[   38.499205] cloud-init[660]: ci-info: |   4   |   ff00::/8  |    ::   |   enp0s3  |   U   |
[   38.504069] cloud-init[660]: ci-info: +-------+-------------+---------+-----------+-------+
[   44.591487] cloud-init[660]: Generating public/private rsa key pair.
[   44.605329] cloud-init[660]: Your identification has been saved in /etc/ssh/ssh_host_rsa_key.
[   44.613190] cloud-init[660]: Your public key has been saved in /etc/ssh/ssh_host_rsa_key.pub.
[   44.627368] cloud-init[660]: The key fingerprint is:
[   44.632315] cloud-init[660]: SHA256:eMngsMGhClU8awrvHpSczfe1yHrItbNEXwhqq7GJyr4 root@ubuntu-bionic
[   44.649348] cloud-init[660]: The key's randomart image is:
[   44.659424] cloud-init[660]: +---[RSA 2048]----+
[   44.673871] cloud-init[660]: |  .oo            |
[   44.692917] cloud-init[660]: | . oo.           |
[   44.697859] cloud-init[660]: |. . +o. .        |
[   44.702253] cloud-init[660]: |oo =o= = o .     |
[[0;32m  OK  [0m] Started Initial cloud-init job (metadata service crawler).[   44.717209] cloud-init[660]: |.o=o+ * S o .    |
[[0;32m  OK  [0m] Reached target System Initialization.

[   44.724562] cloud-init[660]: | .o  o *.+ o     |[[0;32m  OK  [0m] Listening on UUID daemon activation socket.
[[0;32m  OK  [0m] Started Daily apt download activities.

         Starting Socket activation for snappy daemon.
[   44.748644] cloud-init[660]: | .. ...o=.o      |[[0;32m  OK  [0m] Started Discard unused blocks once a week.

[   44.763694] [[0;32m  OK  [0m] Started ACPI Events Check.cloud-init[660]: |. .o =oo+        |
[[0;32m  OK  [0m] Reached target Paths.
[[0;32m  OK  [0m] Started Message of the Day.

[[0;32m  OK  [0m[   44.781046] cloud-init[660]: |oE+ + ...o       |] Listening on D-Bus System Message Bus Socket.

[   44.788042] cloud-init[660]: +----[SHA256]-----+
[   44.792504] cloud-init[660]:          Starting LXD - unix socket.
[[0;32m  OK  [0m] Started Daily Cleanup of Temporary Directories.Generating public/private dsa key pair.
[[0;32m  OK  [0m] Listening on Open-iSCSI iscsid Socket.
[   44.819562] 
[[0;32m  OK  [0m] Listening on ACPID Listen Socket.cloud-init[660]: Your identification has been saved in /etc/ssh/ssh_host_dsa_key.
[[0;32m  OK  [0m] Started Daily apt upgrade and clean activities.

[[   44.836406] cloud-init[660]: Your public key has been saved in /etc/ssh/ssh_host_dsa_key.pub.[0;32m  OK  [0m] Reached target Timers.
[[0;32m  OK  [0m] Reached target Network is Online.

[   44.848059] cloud-init[660]: The key fingerprint is:
         Starting Availability of block devices...
[[   44.856778] cloud-init[660]: SHA256:VLn5EWV/3F8jAyNWuUbqm6uJytF0Y0nVO3NPr56JYuY root@ubuntu-bionic[0;32m  OK  [0m] Reached target Remote File Systems (Pre).
[[0;32m  OK  [0m] Reached target Remote File Systems.
[[0;32m  OK  [0m] 
[   44.877444] cloud-init[660]: The key's randomart image is:Reached target Cloud-config availability.
[[0;32m  OK  [0m] Listening on Socket activation for snappy daemon.

[   44.894394] cloud-init[660]: [[0;32m  OK  [0m] Listening on LXD - unix socket.
[+---[DSA 1024]----+
[   44.906535] cloud-init[0;32m  OK  [0m] Started Availability of block devices.
[660]: |         ++=..o  |
[   44.915574] [[0;32m  OK  [0m] Reached target Sockets.
[[0;32m  OK  [0m] Reached target Basic System.
[cloud-init[660]: |        o.o++. o.|[0;32m  OK  [0m] Started Regular background program processing daemon.

[[0;32m  OK  [0m] Started Deferred execution scheduler.
[   44.948688] cloud-init[660]: |       .. ooo+ .*|
[   44.958191] cloud-init[660]: |      ....o*..o.=|
[   44.964521] cloud-init[660]: |     . =S ..+.o o|
[   44.969375] cloud-init[660]: |    o o ..  .  ..|
[   44.981667] cloud-init[660]: |   . .    o    . |
[   44.986354] cloud-init[660]: |  . . . .o+  ..o |
[   44.991532] cloud-init[660]: |   o.. o.=E...+  |
[   44.995504] cloud-init[660]: +----[SHA256]-----+
[   44.999133] cloud-init[660]: Generating public/private ecdsa key pair.
[   45.004000] cloud-init[660]: Your identification has been saved in /etc/ssh/ssh_host_ecdsa_key.
[   45.020228] cloud-init[660]: Your public key has been saved in /etc/ssh/ssh_host_ecdsa_key.pub.
[   45.026746] cloud-init[660]: The key fingerprint is:
[   45.030594] cloud-init[660]: SHA256:IeziziSMKeU6/ao9PtIPwK51UUvX2sjjPxeGRpZh/Rk root@ubuntu-bionic
[   45.036792] cloud-init[660]: The key's randomart image is:
[   45.041081] cloud-init[660]: +---[ECDSA 256]---+
[   45.045102] cloud-init[660]: |           .     |
[   45.049166] cloud-init[660]: |     .   .o . E  |
[   45.053198] cloud-init[660]: |      = o..o . o |
[   45.057171] cloud-init[660]: |.    + = =+   o  |
[   45.061403] cloud-init[660]: |... o o So..     |
[   45.066543] cloud-init[660]: |.B . o . .o o    |
[   45.071885] cloud-init[660]: |++* +   .. . .   |
[   45.077063] cloud-init[660]: |=+=B     .. .    |
[   45.081839] cloud-init[660]: |+=+*=     .o     |
[   45.085870] cloud-init[660]: +----[SHA256]-----+
[   45.089794] cloud-init[660]: Generating public/private ed25519 key pair.
[   45.095665] cloud-init[660]: Your identification has been saved in /etc/ssh/ssh_host_ed25519_key.
[   45.101022] cloud-init         Starting Dispatcher daemon for systemd-networkd...
         Starting LSB: automatic crash report generation...[660]: 
         Starting Virtualbox guest utils...Your public key has been saved in /etc/ssh/ssh_host_ed25519_key.pub.

         Starting Accounts Service...
[   45.134025] cloud-init[660]: The key fingerprint is:
[   45.145683] cloud-init[660]: SHA256:AzgbXEW6nWlzbXXUgTh3Uj9OOICnyc+gNWHBfveDkgs root@ubuntu-bionic
[   45.168797] cloud-init[660]: The key's randomart image is:
[   45.192311] cloud-init[660]: +--[ED25519 256]--+
[   45.216147] cloud-init[660]: |      .o+.o.. oo+|
[   45.223767] cloud-init[660]: |   . o . = +.+.oo|
[   45.233979] cloud-init[660]: |    = o + = oo+oo|
[   45.238812] cloud-init[660]: |     + + @ o o+..|
[   45.244166] cloud-init[660]: |    . . S B = o. |
[   45.249197] clou[[0;32m  OK  [0m] Stopped Unattended Upgrades Shutdown.
         Stopping Availability of block devices...
         Stopping Session 7 of user vagrant.
         Unmounting /vagrant...
[[0;32m  OK  [0m] Stopped target Cloud-init target.
         Stopping Authorization Manager...
[[0;32m  OK  [0m] Stopped target Host and Network Name Lookups.
         Stopping User Manager for UID 1000...
[[0;32m  OK  [0m] Stopped Execute cloud user/final scripts.
[[0;32m  OK  [0m] Stopped target Timers.
[[0;32m  OK  [0m] Stopped Message of the Day.
[[0;32m  OK  [0m] Stopped Daily apt upgrade and clean activities.
[[0;32m  OK  [0m] Stopped Daily apt download activities.
[[0;32m  OK  [0m] Stopped Daily Cleanup of Temporary Directories.
[[0;32m  OK  [0m] Stopped Apply the settings specified in cloud-config.
[[0;32m  OK  [0m] Stopped target Cloud-config availability.[[0;32m  OK  [0m] Stopped Unattended Upgrades Shutdown.
         Stopping Authorization Manager...
         Stopping Session 8 of user vagrant.
[[0;32m  OK  [0m] Stopped target Timers.
[[0;32m  OK  [0m] Stopped Daily Cleanup of Temporary Directories.
[[0;32m  OK  [0m] Stopped Discard unused blocks once a week.
         Stopping User Manager for UID 1000...
[[0;32m  OK  [0m] Stopped Daily apt upgrade and clean activities.
[[0;32m  OK  [0m] Stopped Clean PHP session files every 30 mins.
[[0;32m  OK  [0m] Closed Load/Save RF Kill Switch Status /dev/rfkill Watch.
         Stopping Availability of block devices...
[[0;32m  OK  [0m] Stopped Message of the Day.
         Unmounting /tmp/vagrant-puppet/mani…987fd5f72c17d54c08031a1c4913b39...
         Unmounting /vagrant...
[[0;32m  OK  [0m] Stopped Daily apt download activities.
[[0;32m  OK  [0m] Stopped target System Time Synchronized.
[[0;32m  OK  [0m] Stopped target Graphical Interface.
         Stopping Accounts Service...
[[0;32m  OK  [0m] Stopped target Cloud-init target.
[[0;32m  OK  [0m] Stopped Execute cloud user/final scripts.
[[0;32m  OK  [0m] Stopped Apply the settings specified in cloud-config.
[[0;32m  OK  [0m] Stopped target Cloud-config availability.
[[0;32m  OK  [0m] Stopped target Network is Online.
[[0;32m  OK  [0m] Stopped target Multi-User System.
 
         Stopping Serial Getty on ttyS0...
[[0;32m  OK  [0m] Stopped Wait until snapd is fully seeded.
         Stopping OpenBSD Secure Shell server...
         Stopping Dispatcher daemon for systemd-networkd...
         Stopping Virtualbox guest utils...
         Stopping LSB: automatic crash report generation...
         Stopping Regular background program processing daemon...
         Stopping LSB: Record successful boot for GRUB...
         Stopping D-Bus System Message Bus...
[[0;32m  OK  [0m] Unmounted /var/lib/lxcfs.
[[0;32m  OK  [0m] Stopped System Logging Service.
[[0;32m  OK  [0m] Stopped Regular background program processing daemon.
[[0;32m  OK  [0m] Stopped Dispatcher daemon for systemd-networkd.
[[0;32m  OK  [0m] Stopped Deferred execution scheduler.
[[0;32m  OK  [0m] Stopped Accounts Service.
[[0;32m  OK  [0m] Stopped Authorization Manager.
[[0;32m  OK  [0m] Stopped Serial Getty on ttyS0.
[[0;32m  OK  [0m] Stopped Getty on tty1.
[[0;32m  OK  [0m] Stopped OpenBSD Secure Shell server.
[[0;32m  OK  [0m] Stopped User Manager for UID 1000.
[[0;32m  OK  [0m] Unmounted /tmp/vagrant-puppet/manif…-1987fd5f72c17d54c08031a1c4913b39.
[[0;32m  OK  [0m] Stopped D-Bus System Message Bus.
[[0;32m  OK  [0m] Stopped The Apache HTTP Server.
[[0;32m  OK  [0m] Unmounted /vagrant.
[[0;32m  OK  [0m] Stopped Session 8 of user vagrant.
[[0;32m  OK  [0m] Stopped target Host and Network Name Lookups.
[[0;32m  OK  [0m] Removed slice User Slice of vagrant.
         Stopping Login Service...
[[0;32m  OK  [0m] Removed slice system-getty.slice.
[[0;32m  OK  [0m] Removed slice system-serial\x2dgetty.slice.
         Stopping Permit User Sessions...
[[0;32m  OK  [0m] Stopped Login Service.
[[0;32m  OK  [0m] Stopped LSB: Record successful boot for GRUB.
[[0;32m  OK  [0m] Stopped Permit User Sessions.
[[0;32m  OK  [0m] Stopped target Network.
         Stopping Network Name Resolution...
[[0;32m  OK  [0m] Stopped target User and Group Name Lookups.
[[0;32m  OK  [0m] Stopped Network Name Resolution.
         Stopping Network Service...
[[0;32m  OK  [0m] Stopped Network Service.
[[0;32m  OK  [0m] Stopped target Network (Pre).
[[0;32m  OK  [0m] Stopped LXD - container startup/shutdown.
[[0;32m  OK  [0m] Stopped FUSE filesystem for LXC.
[[0;32m  OK  [0m] Stopped LSB: automatic crash report generation.
[[0;32m  OK  [0m] Stopped target Remote File Systems.
[[0;32m  OK  [0m] Stopped target Remote File Systems (Pre).
[[0;32m  OK  [0m] Stopped Virtualbox guest utils.
[[0;32m  OK  [0m] Stopped target Basic System.
[[0;32m  OK  [0m] Stopped target Sockets.
[[0;32m  OK  [0m] Closed Syslog Socket.
[[0;32m  OK  [0m] Closed Socket activation for snappy daemon.
[[0;32m  OK  [0m] Closed D-Bus System Message Bus Socket.
[[0;32m  OK  [0m] Closed LXD - unix socket.
[[0;32m  OK  [0m] Closed Open-iSCSI iscsid Socket.
[[0;32m  OK  [0m] Closed ACPID Listen Socket.
[[0;32m  OK  [0m] Closed UUID daemon activation socket.
[[0;32m  OK  [0m] Stopped target Slices.
[[0;32m  OK  [0m] Removed slice User and Session Slice.
[[0;32m  OK  [0m] Stopped target Paths.
[[0;32m  OK  [0m] Stopped ACPI Events Check.
[[0;32m  OK  [0m] Stopped target System Initialization.
[[0;32m  OK  [0m] Stopped target Local Encrypted Volumes.
[[0;32m  OK  [0m] Stopped Dispatch Password Requests to Console Directory Watch.
[[0;32m  OK  [0m] Stopped Forward Password Requests to Wall Directory Watch.
         Stopping Update UTMP about System Boot/Shutdown...
[[0;32m  OK  [0m] Stopped Initial cloud-init job (metadata service crawler).
[[0;32m  OK  [0m] Stopped Initial cloud-init job (pre-networking).
[[0;32m  OK  [0m] Stopped Apply Kernel Variables.
[[0;32m  OK  [0m] Stopped Load Kernel Modules.
         Stopping Load/Save Random Seed...
[[0;32m  OK  [0m] Stopped Availability of block devices.
[[0;32m  OK  [0m] Stopped Load/Save Random Seed.
[[0;32m  OK  [0m] Stopped Update UTMP about System Boot/Shutdown.
[[0;32m  OK  [0m] Stopped Create Volatile Files and Directories.
[[0;32m  OK  [0m] Stopped target Local File Systems.
         Unmounting /run/user/1000...
[[0;32m  OK  [0m] Unmounted /run/user/1000.
[[0;32m  OK  [0m] Reached target Unmount All Filesystems.
[[0;32m  OK  [0m] Stopped target Swap.
[[0;32m  OK  [0m] Stopped target Local File Systems (Pre).
[[0;32m  OK  [0m] Stopped Create Static Device Nodes in /dev.
[[0;32m  OK  [0m] Stopped Remount Root and Kernel File Systems.
[[0;32m  OK  [0m] Reached target Shutdown.
[[0;32m  OK  [0m] Reached target Final Step.
         Starting Power-Off...
         Stopping Monitoring of LVM2 mirrors…ng dmeventd or progress polling...
[ 5719.643169] reboot: Power down
e of vagrant.
         Stopping Login Service...
         Stopping containerd container runtime...
[[0;32m  OK  [0m] Removed slice system-getty.slice.
[[0;32m  OK  [0m] Removed slice system-serial\x2dgetty.slice.
         Stopping Permit User Sessions...
[[0;32m  OK  [0m] Stopped Login Service.
[[0;32m  OK  [0m] Stopped containerd container runtime.
[[0;32m  OK  [0m] Stopped LXD - container startup/shutdown.
[[0;32m  OK  [0m] Stopped D-Bus System Message Bus.
[[0;32m  OK  [0m] Stopped FUSE filesystem for LXC.
[[0;32m  OK  [0m] Stopped Permit User Sessions.
[[0;32m  OK  [0m] Stopped target User and Group Name Lookups.
[[0;32m  OK  [0m] Stopped Ubuntu FAN network setup.
[[0;32m  OK  [0m] Stopped target Network is Online.
[[0;32m  OK  [0m] Stopped target Network.
         Stopping Network Name Resolution...
[[0;32m  OK  [0m] Stopped Network Name Resolution.
[[0;32m  OK  [0m] Stopped Availability of block devices.
[[0;32m  OK  [0m] Stopped LSB: Record successful boot for GRUB.
[[0;32m  OK  [0m] Stopped LSB: automatic crash report generation.
[[0;32m  OK  [0m] Stopped target Remote File Systems.
[[0;32m  OK  [0m] Stopped target Remote File Systems (Pre).
[[0;32m  OK  [0m] Stopped Virtualbox guest utils.
[[0;32m  OK  [0m] Stopped target Basic System.
[[0;32m  OK  [0m] Stopped target Sockets.
[[0;32m  OK  [0m] Closed Syslog Socket.
[[0;32m  OK  [0m] Closed Docker Socket for the API.
[[0;32m  OK  [0m] Closed Open-iSCSI iscsid Socket.
[[0;32m  OK  [0m] Closed ACPID Listen Socket.
[[0;32m  OK  [0m] Closed LXD - unix socket.
[[0;32m  OK  [0m] Closed Socket activation for snappy daemon.
[[0;32m  OK  [0m] Closed UUID daemon activation socket.
[[0;32m  OK  [0m] Closed D-Bus System Message Bus Socket.
[[0;32m  OK  [0m] Stopped target Slices.
[[0;32m  OK  [0m] Removed slice User and Session Slice.
[[0;32m  OK  [0m] Stopped target Paths.
[[0;32m  OK  [0m] Stopped ACPI Events Check.
[[0;32m  OK  [0m] Stopped target System Initialization.
[[0;32m  OK  [0m] Stopped Commit a transient machine-id on disk.
[[0;32m  OK  [0m] Stopped Initial cloud-init job (metadata service crawler).
[[0;32m  OK  [0m] Stopped Wait for Network to be Configured.
         Stopping Network Service...
         Stopping Update UTMP about System Boot/Shutdown...
[[0;32m  OK  [0m] Stopped target Local Encrypted Volumes.
[[0;32m  OK  [0m] Stopped Dispatch Password Requests to Console Directory Watch.
[[0;32m  OK  [0m] Stopped Forward Password Requests to Wall Directory Watch.
         Stopping Load/Save Random Seed...
[[0;32m  OK  [0m] Stopped Update UTMP about System Boot/Shutdown.
[[0;32m  OK  [0m] Stopped Create Volatile Files and Directories.
[[0;32m  OK  [0m] Stopped target Local File Systems.
         Unmounting /run/user/1000...
[[0;32m  OK  [0m] Unmounted /run/user/1000.
[[0;32m  OK  [0m] Reached target Unmount All Filesystems.
[[0;32m  OK  [0m] Stopped target Local File Systems (Pre).
         Stopping Monitoring of LVM2 mirrors…ng dmeventd or progress polling...
[[0;32m  OK  [0m] Stopped Create Static Device Nodes in /dev.
[[0;32m  OK  [0m] Stopped target Swap.
[[0;32m  OK  [0m] Stopped Load/Save Random Seed.
[[0;32m  OK  [0m] Stopped Network Service.
[[0;32m  OK  [0m] Stopped Apply Kernel Variables.
[[0;32m  OK  [0m] Stopped Load Kernel Modules.
[[0;32m  OK  [0m] Stopped target Network (Pre).
[[0;32m  OK  [0m] Stopped Initial cloud-init job (pre-networking).
[[0;32m  OK  [0m] Stopped Remount Root and Kernel File Systems.
[[0;32m  OK  [0m] Reached target Shutdown.
[[0;32m  OK  [0m] Reached target Final Step.
         Starting Power-Off...
[ 1577.702513] reboot: Power down
